<?xml version="1.0" encoding="UTF-8"?>
<!-- Generated by org.testng.reporters.JUnitReportReporter -->
<testsuite hostname="DESKTOP-D2CCOMV" failures="0" tests="1" name="com.sticsoft.automation.tests.frontend.PlaceOrder" time="24.515" errors="0" timestamp="2020-05-04T19:41:37 IST" skipped="0">
  <testcase classname="com.sticsoft.automation.tests.frontend.PlaceOrder" name="placeOrder" time="24.515"/>
  <system-out/>
</testsuite> <!-- com.sticsoft.automation.tests.frontend.PlaceOrder -->
