<?xml version="1.0" encoding="UTF-8"?>
<!-- Generated by org.testng.reporters.JUnitReportReporter -->
<testsuite hostname="DESKTOP-D2CCOMV" failures="0" tests="1" name="com.sticsoft.automation.tests.TestNGLearn01" time="0.008" errors="0" timestamp="2020-05-21T13:42:59 IST" skipped="0">
  <testcase classname="com.sticsoft.automation.tests.TestNGLearn01" name="itstest" time="0.008"/>
  <system-out/>
</testsuite> <!-- com.sticsoft.automation.tests.TestNGLearn01 -->
